Determining if the pthread_create exist failed with the following output:
Change Dir: /home/amallia/common-index-format/build/CMakeFiles/CMakeTmp

Run Build Command:"/usr/bin/make" "cmTC_e326f/fast"
/usr/bin/make -f CMakeFiles/cmTC_e326f.dir/build.make CMakeFiles/cmTC_e326f.dir/build
make[1]: Entering directory '/home/amallia/common-index-format/build/CMakeFiles/CMakeTmp'
Building C object CMakeFiles/cmTC_e326f.dir/CheckSymbolExists.c.o
/usr/bin/cc    -o CMakeFiles/cmTC_e326f.dir/CheckSymbolExists.c.o   -c /home/amallia/common-index-format/build/CMakeFiles/CMakeTmp/CheckSymbolExists.c
Linking C executable cmTC_e326f
/usr/bin/cmake -E cmake_link_script CMakeFiles/cmTC_e326f.dir/link.txt --verbose=1
/usr/bin/cc      -rdynamic CMakeFiles/cmTC_e326f.dir/CheckSymbolExists.c.o  -o cmTC_e326f 
CMakeFiles/cmTC_e326f.dir/CheckSymbolExists.c.o: In function `main':
CheckSymbolExists.c:(.text+0x1b): undefined reference to `pthread_create'
collect2: error: ld returned 1 exit status
CMakeFiles/cmTC_e326f.dir/build.make:97: recipe for target 'cmTC_e326f' failed
make[1]: *** [cmTC_e326f] Error 1
make[1]: Leaving directory '/home/amallia/common-index-format/build/CMakeFiles/CMakeTmp'
Makefile:126: recipe for target 'cmTC_e326f/fast' failed
make: *** [cmTC_e326f/fast] Error 2

File /home/amallia/common-index-format/build/CMakeFiles/CMakeTmp/CheckSymbolExists.c:
/* */
#include <pthread.h>

int main(int argc, char** argv)
{
  (void)argv;
#ifndef pthread_create
  return ((int*)(&pthread_create))[argc];
#else
  (void)argc;
  return 0;
#endif
}

Determining if the function pthread_create exists in the pthreads failed with the following output:
Change Dir: /home/amallia/common-index-format/build/CMakeFiles/CMakeTmp

Run Build Command:"/usr/bin/make" "cmTC_334cb/fast"
/usr/bin/make -f CMakeFiles/cmTC_334cb.dir/build.make CMakeFiles/cmTC_334cb.dir/build
make[1]: Entering directory '/home/amallia/common-index-format/build/CMakeFiles/CMakeTmp'
Building C object CMakeFiles/cmTC_334cb.dir/CheckFunctionExists.c.o
/usr/bin/cc   -DCHECK_FUNCTION_EXISTS=pthread_create   -o CMakeFiles/cmTC_334cb.dir/CheckFunctionExists.c.o   -c /usr/share/cmake-3.10/Modules/CheckFunctionExists.c
Linking C executable cmTC_334cb
/usr/bin/cmake -E cmake_link_script CMakeFiles/cmTC_334cb.dir/link.txt --verbose=1
/usr/bin/cc  -DCHECK_FUNCTION_EXISTS=pthread_create    -rdynamic CMakeFiles/cmTC_334cb.dir/CheckFunctionExists.c.o  -o cmTC_334cb -lpthreads 
/usr/bin/ld: cannot find -lpthreads
collect2: error: ld returned 1 exit status
CMakeFiles/cmTC_334cb.dir/build.make:97: recipe for target 'cmTC_334cb' failed
make[1]: *** [cmTC_334cb] Error 1
make[1]: Leaving directory '/home/amallia/common-index-format/build/CMakeFiles/CMakeTmp'
Makefile:126: recipe for target 'cmTC_334cb/fast' failed
make: *** [cmTC_334cb/fast] Error 2


